<?xml version="1.0" encoding="UTF-8"?>
<!-- Generated by org.testng.reporters.JUnitReportReporter -->
<testsuite hostname="DESKTOP-1V0AU27" failures="0" tests="2" name="keys.KeysTests" time="11.660" errors="0" timestamp="2021-05-07T20:25:44 MSK" skipped="0">
  <testcase classname="keys.KeysTests" name="testShortCuts" time="7.440"/>
  <system-out/>
  <testcase classname="keys.KeysTests" name="testBackSpace" time="4.220"/>
  <system-out/>
</testsuite> <!-- keys.KeysTests -->
