<?xml version="1.0" encoding="UTF-8"?>
<!-- Generated by org.testng.reporters.JUnitReportReporter -->
<testsuite hostname="DESKTOP-1V0AU27" failures="0" tests="1" name="frames.FrameTests" time="4.234" errors="0" timestamp="2021-05-07T20:25:44 MSK" skipped="0">
  <testcase classname="frames.FrameTests" name="testEditor" time="4.234"/>
  <system-out/>
</testsuite> <!-- frames.FrameTests -->
