<?xml version="1.0" encoding="UTF-8"?>
<!-- Generated by org.testng.reporters.JUnitReportReporter -->
<testsuite hostname="DESKTOP-1V0AU27" failures="0" tests="1" name="js.JavaScriptTests" time="2.211" errors="0" timestamp="2021-05-07T20:25:44 MSK" skipped="0">
  <testcase classname="js.JavaScriptTests" name="testJS" time="2.211"/>
  <system-out/>
</testsuite> <!-- js.JavaScriptTests -->
