<?xml version="1.0" encoding="UTF-8"?>
<!-- Generated by org.testng.reporters.JUnitReportReporter -->
<testsuite hostname="DESKTOP-1V0AU27" failures="0" tests="3" name="alerts.AlertTests" time="8.214" errors="0" timestamp="2021-05-07T20:25:44 MSK" skipped="0">
  <testcase classname="alerts.AlertTests" name="testPrompt" time="3.030"/>
  <system-out/>
  <testcase classname="alerts.AlertTests" name="testAlert" time="3.616"/>
  <system-out/>
  <testcase classname="alerts.AlertTests" name="testConfirm" time="1.568"/>
  <system-out/>
</testsuite> <!-- alerts.AlertTests -->
