<?xml version="1.0" encoding="UTF-8"?>
<!-- Generated by org.testng.reporters.JUnitReportReporter -->
<testsuite hostname="DESKTOP-1V0AU27" failures="0" tests="2" name="navigation.NavigationTests" time="13.096" errors="0" timestamp="2021-05-07T20:25:44 MSK" skipped="0">
  <testcase classname="navigation.NavigationTests" name="testNavigation" time="9.131"/>
  <system-out/>
  <testcase classname="navigation.NavigationTests" name="testSwitchToTab" time="3.965"/>
  <system-out/>
</testsuite> <!-- navigation.NavigationTests -->
